<?xml version="1.0" encoding="UTF-8"?>
<!-- Generated by org.testng.reporters.JUnitXMLReporter -->
<testsuite ignored="0" hostname="HoangHuu" failures="0" tests="3" name="testing" time="0.054" errors="0" timestamp="2023-04-11T17:38:29 ICT">
  <testcase classname="poly.edu.Lab6.Testcase" name="beforeTest" time="0.005"/>
  <testcase classname="poly.edu.Lab6.Testcase" name="test1" time="0.001"/>
  <testcase classname="poly.edu.Lab6.Testcase" name="test2" time="0.001"/>
</testsuite> <!-- testing -->
