<?xml version="1.0" encoding="UTF-8"?>
<!-- Generated by org.testng.reporters.JUnitXMLReporter -->
<testsuite ignored="0" hostname="HoangHuu" failures="0" tests="4" name="Regression suite 1" time="0.037" errors="0" timestamp="2023-04-11T16:58:17 ICT">
  <testcase classname="fpoly.demoOne" name="firstTestCase" time="0.005"/>
  <testcase classname="fpoly.demoOne" name="secondTestCase" time="0.001"/>
  <testcase classname="fpoly.demoTwo" name="firstTestCase" time="0.001"/>
  <testcase classname="fpoly.demoTwo" name="secondTestCase" time="0.0"/>
</testsuite> <!-- Regression suite 1 -->
