<?xml version="1.0" encoding="UTF-8"?>
<!-- Generated by org.testng.reporters.JUnitXMLReporter -->
<testsuite ignored="0" hostname="HoangHuu" failures="0" tests="4" name="test2" time="0.008" errors="0" timestamp="2023-04-11T17:39:30 ICT">
  <testcase classname="fpoly.TestClass3" name="d1" time="0.001"/>
  <testcase classname="fpoly.TestClass3" name="d2" time="0.0"/>
  <testcase classname="fpoly.FactoryInstantiatedTestClass" name="FactoryInstantiatedTestClass-TestNG" time="0.001"/>
  <testcase classname="fpoly.FactoryInstantiatedTestClass" name="FactoryInstantiatedTestClass-Reports" time="0.001"/>
</testsuite> <!-- test2 -->
