<?xml version="1.0" encoding="UTF-8"?>
<testng-results ignored="0" total="2" passed="2" failed="0" skipped="0">
  <reporter-output>
  </reporter-output>
  <suite started-at="2023-04-11T20:28:00 ICT" name="Default suite" finished-at="2023-04-11T20:28:00 ICT" duration-ms="41">
    <groups>
    </groups>
    <test started-at="2023-04-11T20:28:00 ICT" name="Default test" finished-at="2023-04-11T20:28:00 ICT" duration-ms="41">
      <class name="poly.edu.Lab4.NewTest">
        <test-method signature="test1()[pri:0, instance:poly.edu.Lab4.NewTest@318ba8c8]" started-at="2023-04-11T20:28:00 ICT" name="test1" finished-at="2023-04-11T20:28:00 ICT" duration-ms="8" status="PASS">
          <reporter-output>
          </reporter-output>
        </test-method> <!-- test1 -->
        <test-method signature="testtong()[pri:0, instance:poly.edu.Lab4.NewTest@318ba8c8]" started-at="2023-04-11T20:28:00 ICT" name="testtong" finished-at="2023-04-11T20:28:00 ICT" duration-ms="2" status="PASS">
          <reporter-output>
          </reporter-output>
        </test-method> <!-- testtong -->
      </class> <!-- poly.edu.Lab4.NewTest -->
    </test> <!-- Default test -->
  </suite> <!-- Default suite -->
</testng-results>
