<?xml version="1.0" encoding="UTF-8"?>
<!-- Generated by org.testng.reporters.JUnitXMLReporter -->
<testsuite ignored="0" hostname="HoangHuu" failures="0" tests="3" name="Default test" time="14.215" errors="0" timestamp="2024-01-17T14:40:44 ICT">
  <testcase classname="poly.edu.Lab8.SaveTestNGResultToExcel" name="LaunchWebsite" time="4.794"/>
  <testcase classname="poly.edu.Lab8.SaveTestNGResultToExcel" name="FillLoginDetails" time="1.337"/>
  <testcase classname="poly.edu.Lab8.SaveTestNGResultToExcel" name="DoLogin" time="4.91"/>
</testsuite> <!-- Default test -->
