<?xml version="1.0" encoding="UTF-8"?>
<testng-results ignored="0" total="1" passed="1" failed="0" skipped="0">
  <reporter-output>
  </reporter-output>
  <suite started-at="2023-04-11T17:47:51 ICT" name="Default suite" finished-at="2023-04-11T17:48:00 ICT" duration-ms="9693">
    <groups>
    </groups>
    <test started-at="2023-04-11T17:47:51 ICT" name="Default test" finished-at="2023-04-11T17:48:00 ICT" duration-ms="9693">
      <class name="poly.edu.Y5asg.FacebookLoginTest">
        <test-method is-config="true" signature="setUp()[pri:0, instance:poly.edu.Y5asg.FacebookLoginTest@7a69b07]" started-at="2023-04-11T17:47:51 ICT" name="setUp" finished-at="2023-04-11T17:47:53 ICT" duration-ms="2185" status="PASS">
          <reporter-output>
          </reporter-output>
        </test-method> <!-- setUp -->
        <test-method signature="testFacebookLogin()[pri:0, instance:poly.edu.Y5asg.FacebookLoginTest@7a69b07]" started-at="2023-04-11T17:47:53 ICT" name="testFacebookLogin" finished-at="2023-04-11T17:48:00 ICT" duration-ms="7349" status="PASS">
          <reporter-output>
          </reporter-output>
        </test-method> <!-- testFacebookLogin -->
        <test-method is-config="true" signature="tearDown()[pri:0, instance:poly.edu.Y5asg.FacebookLoginTest@7a69b07]" started-at="2023-04-11T17:48:00 ICT" name="tearDown" finished-at="2023-04-11T17:48:00 ICT" duration-ms="129" status="PASS">
          <reporter-output>
          </reporter-output>
        </test-method> <!-- tearDown -->
      </class> <!-- poly.edu.Y5asg.FacebookLoginTest -->
    </test> <!-- Default test -->
  </suite> <!-- Default suite -->
</testng-results>
