<?xml version="1.0" encoding="UTF-8"?>
<!-- Generated by org.testng.reporters.JUnitXMLReporter -->
<testsuite ignored="0" hostname="HoangHuu" failures="0" tests="10" name="test" time="0.026" errors="0" timestamp="2023-04-11T17:39:31 ICT">
  <testcase classname="fpoly.TestClass1" name="t1" time="0.0"/>
  <testcase classname="fpoly.TestClass1" name="t2" time="0.0"/>
  <testcase classname="fpoly.TestClass1" name="t3" time="0.001"/>
  <testcase classname="fpoly.TestClass1" name="t4" time="0.001"/>
  <testcase classname="fpoly.TestClass1" name="t5" time="0.0"/>
  <testcase classname="fpoly.TestClass1" name="t5" time="0.001"/>
  <testcase classname="fpoly.TestClass2" name="c1" time="0.001"/>
  <testcase classname="fpoly.TestClass2" name="c2" time="0.001"/>
  <testcase classname="fpoly.TestClass2" name="c3" time="0.001"/>
  <testcase classname="fpoly.TestClass2" name="c4" time="0.001"/>
</testsuite> <!-- test -->
