<?xml version="1.0" encoding="UTF-8"?>
<testng-results ignored="0" total="1" passed="1" failed="0" skipped="0">
  <reporter-output>
  </reporter-output>
  <suite started-at="2023-04-18T16:04:36 ICT" name="Default suite" finished-at="2023-04-18T16:04:49 ICT" duration-ms="12717">
    <groups>
    </groups>
    <test started-at="2023-04-18T16:04:36 ICT" name="Default test" finished-at="2023-04-18T16:04:49 ICT" duration-ms="12717">
      <class name="poly.edu.Thi.LoginMyapp">
        <test-method is-config="true" signature="setUp()[pri:0, instance:poly.edu.Thi.LoginMyapp@7a69b07]" started-at="2023-04-18T16:04:36 ICT" name="setUp" finished-at="2023-04-18T16:04:39 ICT" duration-ms="3010" status="PASS">
          <reporter-output>
          </reporter-output>
        </test-method> <!-- setUp -->
        <test-method signature="testLogin()[pri:0, instance:poly.edu.Thi.LoginMyapp@7a69b07]" started-at="2023-04-18T16:04:39 ICT" name="testLogin" finished-at="2023-04-18T16:04:49 ICT" duration-ms="9242" status="PASS">
          <reporter-output>
          </reporter-output>
        </test-method> <!-- testLogin -->
        <test-method is-config="true" signature="tearDown()[pri:0, instance:poly.edu.Thi.LoginMyapp@7a69b07]" started-at="2023-04-18T16:04:49 ICT" name="tearDown" finished-at="2023-04-18T16:04:49 ICT" duration-ms="424" status="PASS">
          <reporter-output>
          </reporter-output>
        </test-method> <!-- tearDown -->
      </class> <!-- poly.edu.Thi.LoginMyapp -->
    </test> <!-- Default test -->
  </suite> <!-- Default suite -->
</testng-results>
