<?xml version="1.0" encoding="UTF-8"?>
<testng-results ignored="0" total="3" passed="3" failed="0" skipped="0">
  <reporter-output>
  </reporter-output>
  <suite started-at="2024-01-17T14:40:30 ICT" name="Default suite" finished-at="2024-01-17T14:40:44 ICT" duration-ms="14215">
    <groups>
    </groups>
    <test started-at="2024-01-17T14:40:30 ICT" name="Default test" finished-at="2024-01-17T14:40:44 ICT" duration-ms="14215">
      <class name="poly.edu.Lab8.SaveTestNGResultToExcel">
        <test-method is-config="true" signature="suiteSetup()[pri:0, instance:poly.edu.Lab8.SaveTestNGResultToExcel@1725dc0f]" started-at="2024-01-17T14:40:30 ICT" name="suiteSetup" finished-at="2024-01-17T14:40:33 ICT" duration-ms="2802" status="PASS">
          <reporter-output>
          </reporter-output>
        </test-method> <!-- suiteSetup -->
        <test-method signature="LaunchWebsite()[pri:1, instance:poly.edu.Lab8.SaveTestNGResultToExcel@1725dc0f]" started-at="2024-01-17T14:40:33 ICT" name="LaunchWebsite" description="Opens the TestNG Demo Website for login Test" finished-at="2024-01-17T14:40:38 ICT" duration-ms="4794" status="PASS">
          <reporter-output>
          </reporter-output>
        </test-method> <!-- LaunchWebsite -->
        <test-method signature="FillLoginDetails()[pri:2, instance:poly.edu.Lab8.SaveTestNGResultToExcel@1725dc0f]" started-at="2024-01-17T14:40:38 ICT" name="FillLoginDetails" description="Fill the Login Details" finished-at="2024-01-17T14:40:39 ICT" duration-ms="1337" status="PASS">
          <reporter-output>
          </reporter-output>
        </test-method> <!-- FillLoginDetails -->
        <test-method signature="DoLogin()[pri:3, instance:poly.edu.Lab8.SaveTestNGResultToExcel@1725dc0f]" started-at="2024-01-17T14:40:39 ICT" name="DoLogin" description="Perform Login" finished-at="2024-01-17T14:40:44 ICT" duration-ms="4910" status="PASS">
          <reporter-output>
          </reporter-output>
        </test-method> <!-- DoLogin -->
        <test-method is-config="true" signature="suiteTearDown()[pri:0, instance:poly.edu.Lab8.SaveTestNGResultToExcel@1725dc0f]" started-at="2024-01-17T14:40:44 ICT" name="suiteTearDown" finished-at="2024-01-17T14:40:44 ICT" duration-ms="321" status="PASS">
          <reporter-output>
          </reporter-output>
        </test-method> <!-- suiteTearDown -->
      </class> <!-- poly.edu.Lab8.SaveTestNGResultToExcel -->
    </test> <!-- Default test -->
  </suite> <!-- Default suite -->
</testng-results>
