<?xml version="1.0" encoding="UTF-8"?>
<!-- Generated by org.testng.reporters.JUnitXMLReporter -->
<testsuite ignored="0" hostname="HoangHuu" failures="0" tests="3" name="SaveTestNGResultToExcel" time="8.163" errors="0" timestamp="2023-04-11T16:51:59 ICT">
  <testcase classname="poly.edu.Lab8.SaveTestNGResultToExcel" name="LaunchWebsite" time="2.036"/>
  <testcase classname="poly.edu.Lab8.SaveTestNGResultToExcel" name="FillLoginDetails" time="1.192"/>
  <testcase classname="poly.edu.Lab8.SaveTestNGResultToExcel" name="DoLogin" time="3.25"/>
</testsuite> <!-- SaveTestNGResultToExcel -->
