<?xml version="1.0" encoding="UTF-8"?>
<testng-results ignored="0" total="4" passed="4" failed="0" skipped="0">
  <reporter-output>
  </reporter-output>
  <suite started-at="2023-04-11T16:58:17 ICT" name="example test 1" finished-at="2023-04-11T16:58:17 ICT" duration-ms="37">
    <groups>
    </groups>
    <test started-at="2023-04-11T16:58:17 ICT" name="Regression suite 1" finished-at="2023-04-11T16:58:17 ICT" duration-ms="37">
      <class name="fpoly.demoTwo">
        <test-method signature="firstTestCase()[pri:0, instance:fpoly.demoTwo@49d904ec]" started-at="2023-04-11T16:58:17 ICT" name="firstTestCase" finished-at="2023-04-11T16:58:17 ICT" duration-ms="1" status="PASS">
          <reporter-output>
          </reporter-output>
        </test-method> <!-- firstTestCase -->
        <test-method signature="secondTestCase()[pri:0, instance:fpoly.demoTwo@49d904ec]" started-at="2023-04-11T16:58:17 ICT" name="secondTestCase" finished-at="2023-04-11T16:58:17 ICT" duration-ms="0" status="PASS">
          <reporter-output>
          </reporter-output>
        </test-method> <!-- secondTestCase -->
      </class> <!-- fpoly.demoTwo -->
      <class name="fpoly.demoOne">
        <test-method signature="firstTestCase()[pri:0, instance:fpoly.demoOne@5be6e01c]" started-at="2023-04-11T16:58:17 ICT" name="firstTestCase" finished-at="2023-04-11T16:58:17 ICT" duration-ms="5" status="PASS">
          <reporter-output>
          </reporter-output>
        </test-method> <!-- firstTestCase -->
        <test-method signature="secondTestCase()[pri:0, instance:fpoly.demoOne@5be6e01c]" started-at="2023-04-11T16:58:17 ICT" name="secondTestCase" finished-at="2023-04-11T16:58:17 ICT" duration-ms="1" status="PASS">
          <reporter-output>
          </reporter-output>
        </test-method> <!-- secondTestCase -->
      </class> <!-- fpoly.demoOne -->
    </test> <!-- Regression suite 1 -->
  </suite> <!-- example test 1 -->
</testng-results>
