<?xml version="1.0" encoding="UTF-8"?>
<!-- Generated by org.testng.reporters.JUnitXMLReporter -->
<testsuite ignored="0" hostname="HoangHuu" failures="0" tests="4" name="testing" time="0.044" errors="0" timestamp="2023-03-28T17:58:37 ICT">
  <testcase classname="bai3.groupExamples" name="testCase1" time="0.007"/>
  <testcase classname="bai3.groupExamples" name="testCase2" time="0.001"/>
  <testcase classname="bai3.groupExamples" name="testCase3" time="0.0"/>
  <testcase classname="bai3.groupExamples" name="testCase4" time="0.0"/>
</testsuite> <!-- testing -->
